C51 COMPILER V9.52.0.0   MAIN                                                              04/17/2016 11:52:59 PAGE 1   


C51 COMPILER V9.52.0.0, COMPILATION OF MODULE MAIN
OBJECT MODULE PLACED IN .\obj\main.obj
COMPILER INVOKED BY: C:\Keil_c51\C51\BIN\C51.EXE USER\main.c LARGE BROWSE INCDIR(.\font;.\LCD;.\sys;.\touch;.\GUI;.\USER
                    -) DEBUG OBJECTEXTEND PRINT(.\main.lst) TABS(2) OBJECT(.\obj\main.obj)

line level    source

   1          #include "sys.h"
   2          #include "lcd.h"
   3          #include "gui.h"
   4          #include "test.h"
   5          //////////////////////////////////////////////////////////////////////////////////   
   6          //本程序只供学习使用，未经作者许可，不得用于其它任何用途
   7          //测试硬件：单片机STC51,晶振30M  单片机工作电压3.3V
   8          //QDtech-TFT液晶驱动 for C51
   9          //中景园电子
  10          //淘宝网站:https://shop73023976.taobao.com/?spm=2013.1.1000126.d21.o6byVe
  11          //我司提供技术支持，任何技术问题欢迎随时交流学习
  12          //手机:15989313508（冯工） 
  13          
  14          //创建日期:2016-04-17
  15          //版本：V1.1
  16          //版权所有，盗版必究。
  17          //Copyright(C) 中景园电子2009-2019
  18          //All rights reserved
  19          //********************************************************************************
  20          
  21          /**************************************************************************************
  22          //=======================================液晶屏数据线接线==========================================//
  23          //P2组高8位数据口,DB8-DB15依次连接P2^0-P2^7;8位模式下只使用高8位
  24          #define  LCD_DataPortH P2 
  25          //P0组低8位数据口,DB0-DB7依次连接P0^0-P0^7;请确认P0口已经上拉10K电阻,不宜太小，最小4.7K,推荐10K.    
  26          #define  LCD_DataPortL P0     
  27          //=======================================液晶屏控制线接线==========================================//
  28          CS=P1^3;    //片选  
  29          RS=P1^2;      //数据/命令切换
  30          WR=P1^1;    //写控制
  31          RD=P1^0;    //读控制
  32          RESET=P3^3;   //复位 
  33          LCD_BL=P3^2;  //背光控制
  34          //=========================================触摸屏触接线=========================================//
  35          //不使用触摸或者模块本身不带触摸，则可不连接
  36          DCLK    =    P3^6; //触摸屏SPI总线时钟信号接P3.6  
  37          TCS       =    P3^7; //触摸片选TCS接P3.7
  38          DIN       =    P3^4; //MOSI接P3.4 
  39          DOUT      =    P3^5; //MISO接P3.5                                              
  40          Penirq    =    P4^0; //PEN引脚接P4.0，如单片机无P4组，请自行更改其他可用IO并修改代码定义
  41          **************************************************************************************************/ 
  42          
  43          //STC单片机IO推挽输出设置定义
  44          //其他普通C51单片机无此配置请屏蔽下面这条语句
  45          sfr P3M1  = 0xB1; //P3M1.n,P3M0.n   =00--->Standard,  01--->push-pull
  46          sfr P3M0  = 0xB2; //          =10--->pure input,  11--->open drain
  47          
  48          //主函数
  49          void main(void)
  50          { 
  51   1      
  52   1        //设置STC_12LE5A60S2单片机的P3.2为推挽输出，用于控制背光亮灭
  53   1        //其他普通C51单片机无此配置请屏蔽下面这条语句
  54   1        P3M1 &= ~(1<<2),P3M0 |=  (1<<2); 
C51 COMPILER V9.52.0.0   MAIN                                                              04/17/2016 11:52:59 PAGE 2   

  55   1      
  56   1        //液晶屏初始化
  57   1        LCD_Init();
  58   1        //循环进行各项测试  
  59   1        while(1)
  60   1        { 
  61   2          main_test();    //测试主界面
  62   2          Test_Color();     //简单刷屏填充测试
  63   2          Test_FillRec();   //GUI矩形绘图测试
  64   2          Test_Circle();    //GUI画圆测试
  65   2          English_Font_test();//英文字体示例测试
  66   2          Chinese_Font_test();//中文字体示例测试
  67   2          Pic_test();     //图片显示示例测试
  68   2          Touch_Test();   //触摸屏手写测试
  69   2        }   
  70   1      }


MODULE INFORMATION:   STATIC OVERLAYABLE
   CODE SIZE        =     35    ----
   CONSTANT SIZE    =   ----    ----
   XDATA SIZE       =   ----    ----
   PDATA SIZE       =   ----    ----
   DATA SIZE        =   ----    ----
   IDATA SIZE       =   ----    ----
   BIT SIZE         =   ----    ----
END OF MODULE INFORMATION.


C51 COMPILATION COMPLETE.  0 WARNING(S),  0 ERROR(S)
