C51 COMPILER V9.01   LCD                                                                   10/20/2015 14:46:32 PAGE 1   


C51 COMPILER V9.01, COMPILATION OF MODULE LCD
OBJECT MODULE PLACED IN LCD.obj
COMPILER INVOKED BY: C:\Keil_v4\C51\BIN\C51.EXE LCD\LCD.c LARGE BROWSE DEBUG OBJECTEXTEND PRINT(.\LCD.lst) TABS(2) OBJEC
                    -T(LCD.obj)

line level    source

   1          #include <reg51.h>
   2          #include <intrins.h>
   3          #include <sys\sys.h>
   4          #include <lcd\lcd.h>
   5          #include <font\font.h>
   6          /* http://ttmcu.taobao.com 
   7          代码测试环境:单片机STC12LE5A60S2,晶振33M  单片机工作电压3.3V
   8          程序默认IO连接方式：
   9          控制线：RS-P3^5;    WR-P3^6;   RD-P3^7;   CS-P1^0;   REST-P1^2;
  10          数据线: DB0-DB7悬空  DB8-DB15依次连接P2^0-P2^7;
  11          触摸功能连接方式：(不使用触摸可不连接)
  12          T_CLK-P1^7;  T_CS-P1^4;  T_DIN-P3^0;  T_OUT-P3^1;  T_IRQ-P3^4;
  13          */
  14          u16 BACK_COLOR, POINT_COLOR;   //背景色，画笔色
  15          void LCD_Writ_COLORBus(char VH,char VL)   //颜色数据写入总线
  16          {
  17   1        LCD_DataPortH=VH; 
  18   1        LCD_WR=0;
  19   1        LCD_WR=1; 
  20   1        LCD_DataPortH=VL; 
  21   1        LCD_WR=0;
  22   1        LCD_WR=1; 
  23   1      }
  24          void LCD_Writ_COMBus(char da)   //寄存器数据写入总线
  25          {
  26   1        LCD_DataPortH=da; 
  27   1        LCD_WR=0;
  28   1        LCD_WR=1; 
  29   1      }
  30          void LCD_WR_DATA8(char VH,char VL) //发送颜色数据-8位参数
  31          {
  32   1        LCD_RS=1;
  33   1        LCD_Writ_COLORBus(VH,VL);
  34   1      }  
  35          void LCD_WR_DATA(int da) //发送颜色数据-16位参数
  36          {
  37   1        LCD_RS=1;
  38   1        LCD_Writ_COLORBus(da>>8,da);
  39   1      }   
  40          void LCD_WR_COMDATA(char da)//发送寄存器数据
  41          {
  42   1        LCD_RS=1;
  43   1        LCD_Writ_COMBus(da);
  44   1      } 
  45          void LCD_WR_REG(char da)   //写寄存器
  46          { 
  47   1        LCD_RS=0;
  48   1        LCD_Writ_COMBus(da); //寄存器数据写入总线
  49   1      }
  50           void LCD_WR_REG_DATA(char reg,char da)
  51          {
  52   1        LCD_WR_REG(reg);
  53   1        LCD_WR_COMDATA(da);
  54   1      }
C51 COMPILER V9.01   LCD                                                                   10/20/2015 14:46:32 PAGE 2   

  55          void Address_set(unsigned int x1,unsigned int y1,unsigned int x2,unsigned int y2)
  56          { 
  57   1         LCD_WR_REG(0x2A);
  58   1         LCD_WR_COMDATA(x1>>8);
  59   1         LCD_WR_COMDATA(x1);
  60   1         LCD_WR_COMDATA(x2>>8);
  61   1         LCD_WR_COMDATA(x2);
  62   1        
  63   1         LCD_WR_REG(0x2B);
  64   1         LCD_WR_COMDATA(y1>>8);
  65   1         LCD_WR_COMDATA(y1);
  66   1         LCD_WR_COMDATA(y2>>8);
  67   1         LCD_WR_COMDATA(y2);  
  68   1         LCD_WR_REG(0x2c);                 
  69   1      }
  70          void Lcd_Init(void)
  71          {
  72   1      
  73   1      //调用一次这些函数，免得编译的时候提示警告
  74   1          LCD_CS =1;
  75   1        if(LCD_CS==0)
  76   1        {
  77   2           LCD_WR_REG_DATA(0,0);
  78   2           LCD_ShowString(0,0," ");
  79   2           LCD_ShowNum(0,0,0,0);
  80   2           LCD_Show2Num(0,0,0,0);
  81   2           LCD_DrawPoint_big(0,0);
  82   2           LCD_DrawRectangle(0,0,0,0);
  83   2           Draw_Circle(0,0,0);
  84   2         }
  85   1        LCD_RD=1;
  86   1        LCD_WR=1;
  87   1        LCD_REST=0;
  88   1        delayms(20);  //此处保证要有5ms以上才能保证复位稳定,推荐20ms
  89   1        LCD_REST=1; 
  90   1        delayms(20);  //此处保证要有5ms以上才能保证复位稳定,推荐20ms    
  91   1        LCD_CS =0;  //打开片选使能
  92   1      
  93   1        //************* Start Initial Sequence **********//
  94   1      LCD_WR_REG(0xcf); 
  95   1      LCD_WR_COMDATA(0x00);
  96   1      LCD_WR_COMDATA(0xc1);
  97   1      LCD_WR_COMDATA(0x30);
  98   1      
  99   1      LCD_WR_REG(0xed); 
 100   1      LCD_WR_COMDATA(0x64);
 101   1      LCD_WR_COMDATA(0x03);
 102   1      LCD_WR_COMDATA(0x12);
 103   1      LCD_WR_COMDATA(0x81);
 104   1      
 105   1      LCD_WR_REG(0xcb); 
 106   1      LCD_WR_COMDATA(0x39);
 107   1      LCD_WR_COMDATA(0x2c);
 108   1      LCD_WR_COMDATA(0x00);
 109   1      LCD_WR_COMDATA(0x34);
 110   1      LCD_WR_COMDATA(0x02);
 111   1      
 112   1      LCD_WR_REG(0xea); 
 113   1      LCD_WR_COMDATA(0x00);
 114   1      LCD_WR_COMDATA(0x00);
 115   1      
 116   1      LCD_WR_REG(0xe8); 
C51 COMPILER V9.01   LCD                                                                   10/20/2015 14:46:32 PAGE 3   

 117   1      LCD_WR_COMDATA(0x85);
 118   1      LCD_WR_COMDATA(0x10);
 119   1      LCD_WR_COMDATA(0x79);
 120   1      
 121   1      LCD_WR_REG(0xC0); //Power control
 122   1      LCD_WR_COMDATA(0x23); //VRH[5:0]
 123   1      
 124   1      LCD_WR_REG(0xC1); //Power control
 125   1      LCD_WR_COMDATA(0x11); //SAP[2:0];BT[3:0]
 126   1      
 127   1      LCD_WR_REG(0xC2);
 128   1      LCD_WR_COMDATA(0x11);
 129   1      
 130   1      LCD_WR_REG(0xC5); //VCM control
 131   1      LCD_WR_COMDATA(0x3d);
 132   1      LCD_WR_COMDATA(0x30);
 133   1      
 134   1      LCD_WR_REG(0xc7); 
 135   1      LCD_WR_COMDATA(0xaa);
 136   1      
 137   1      LCD_WR_REG(0x3A); 
 138   1      LCD_WR_COMDATA(0x55);
 139   1      
 140   1      LCD_WR_REG(0x36); // Memory Access Control
 141   1      LCD_WR_COMDATA(0x08);
 142   1      
 143   1      LCD_WR_REG(0xB1); // Frame Rate Control
 144   1      LCD_WR_COMDATA(0x00);
 145   1      LCD_WR_COMDATA(0x11);
 146   1      
 147   1      LCD_WR_REG(0xB6); // Display Function Control
 148   1      LCD_WR_COMDATA(0x0a);
 149   1      LCD_WR_COMDATA(0xa2);
 150   1      
 151   1      LCD_WR_REG(0xF2); // 3Gamma Function Disable
 152   1      LCD_WR_COMDATA(0x00);
 153   1      
 154   1      LCD_WR_REG(0xF7);
 155   1      LCD_WR_COMDATA(0x20);
 156   1      
 157   1      LCD_WR_REG(0xF1);
 158   1      LCD_WR_COMDATA(0x01);
 159   1      LCD_WR_COMDATA(0x30);
 160   1      
 161   1      LCD_WR_REG(0x26); //Gamma curve selected
 162   1      LCD_WR_COMDATA(0x01);
 163   1      
 164   1      LCD_WR_REG(0xE0); //Set Gamma
 165   1      LCD_WR_COMDATA(0x0f);
 166   1      LCD_WR_COMDATA(0x3f);
 167   1      LCD_WR_COMDATA(0x2f);
 168   1      LCD_WR_COMDATA(0x0c);
 169   1      LCD_WR_COMDATA(0x10);
 170   1      LCD_WR_COMDATA(0x0a);
 171   1      LCD_WR_COMDATA(0x53);
 172   1      LCD_WR_COMDATA(0xd5);
 173   1      LCD_WR_COMDATA(0x40);
 174   1      LCD_WR_COMDATA(0x0a);
 175   1      LCD_WR_COMDATA(0x13);
 176   1      LCD_WR_COMDATA(0x03);
 177   1      LCD_WR_COMDATA(0x08);
 178   1      LCD_WR_COMDATA(0x03);
C51 COMPILER V9.01   LCD                                                                   10/20/2015 14:46:32 PAGE 4   

 179   1      LCD_WR_COMDATA(0x00);
 180   1      
 181   1      LCD_WR_REG(0xE1); //Set Gamma
 182   1      LCD_WR_COMDATA(0x00);
 183   1      LCD_WR_COMDATA(0x00);
 184   1      LCD_WR_COMDATA(0x10);
 185   1      LCD_WR_COMDATA(0x03);
 186   1      LCD_WR_COMDATA(0x0f);
 187   1      LCD_WR_COMDATA(0x05);
 188   1      LCD_WR_COMDATA(0x2c);
 189   1      LCD_WR_COMDATA(0xa2);
 190   1      LCD_WR_COMDATA(0x3f);
 191   1      LCD_WR_COMDATA(0x05);
 192   1      LCD_WR_COMDATA(0x0e);
 193   1      LCD_WR_COMDATA(0x0c);
 194   1      LCD_WR_COMDATA(0x37);
 195   1      LCD_WR_COMDATA(0x3c);
 196   1      LCD_WR_COMDATA(0x0F);
 197   1      LCD_WR_REG(0x11); //Exit Sleep
 198   1      delayms(80);//此处必须要延时80ms或者更多
 199   1      LCD_WR_REG(0x29); //display on
 200   1      }
 201          //清屏函数
 202          //Color:要清屏的填充色
 203          void LCD_Clear(u16 Color)
 204          {
 205   1        u8 VH,VL;
 206   1        u16 i,j;
 207   1        VH=Color>>8;
 208   1        VL=Color; 
 209   1        Address_set(0,0,LCD_W-1,LCD_H-1);
 210   1          for(i=0;i<LCD_W;i++)
 211   1         {
 212   2          for (j=0;j<LCD_H;j++)
 213   2            {
 214   3                 LCD_WR_DATA8(VH,VL);
 215   3            }
 216   2      
 217   2          }
 218   1      }
 219          //画点
 220          //POINT_COLOR:此点的颜色
 221          void LCD_DrawPoint(u16 x,u16 y)
 222          {
 223   1        Address_set(x,y,x,y);//设置光标位置 
 224   1        LCD_WR_DATA(POINT_COLOR);       
 225   1      }    
 226          //画一个大点
 227          //POINT_COLOR:此点的颜色
 228          void LCD_DrawPoint_big(u16 x,u16 y)
 229          {
 230   1        LCD_Fill(x-1,y-1,x+1,y+1,POINT_COLOR);
 231   1      } 
 232          //在指定区域内填充指定颜色
 233          //区域大小:
 234          //  (xend-xsta)*(yend-ysta)
 235          void LCD_Fill(u16 xsta,u16 ysta,u16 xend,u16 yend,u16 color)
 236          {          
 237   1        u16 i,j; 
 238   1        Address_set(xsta,ysta,xend,yend);      //设置光标位置 
 239   1        for(i=ysta;i<=yend;i++)
 240   1        {                               
C51 COMPILER V9.01   LCD                                                                   10/20/2015 14:46:32 PAGE 5   

 241   2          for(j=xsta;j<=xend;j++)LCD_WR_DATA(color);//设置光标位置      
 242   2        }                   
 243   1      }  
 244          //画线
 245          //x1,y1:起点坐标
 246          //x2,y2:终点坐标  
 247          void LCD_DrawLine(u16 x1, u16 y1, u16 x2, u16 y2)
 248          {
 249   1        u16 t; 
 250   1        int xerr=0,yerr=0,delta_x,delta_y,distance; 
 251   1        int incx,incy,uRow,uCol; 
 252   1      
 253   1        delta_x=x2-x1; //计算坐标增量 
 254   1        delta_y=y2-y1; 
 255   1        uRow=x1; 
 256   1        uCol=y1; 
 257   1        if(delta_x>0)incx=1; //设置单步方向 
 258   1        else if(delta_x==0)incx=0;//垂直线 
 259   1        else {incx=-1;delta_x=-delta_x;} 
 260   1        if(delta_y>0)incy=1; 
 261   1        else if(delta_y==0)incy=0;//水平线 
 262   1        else{incy=-1;delta_y=-delta_y;} 
 263   1        if( delta_x>delta_y)distance=delta_x; //选取基本增量坐标轴 
 264   1        else distance=delta_y; 
 265   1        for(t=0;t<=distance+1;t++ )//画线输出 
 266   1        {  
 267   2          LCD_DrawPoint(uRow,uCol);//画点 
 268   2          xerr+=delta_x ; 
 269   2          yerr+=delta_y ; 
 270   2          if(xerr>distance) 
 271   2          { 
 272   3            xerr-=distance; 
 273   3            uRow+=incx; 
 274   3          } 
 275   2          if(yerr>distance) 
 276   2          { 
 277   3            yerr-=distance; 
 278   3            uCol+=incy; 
 279   3          } 
 280   2        }  
 281   1      }    
 282          //画矩形
 283          void LCD_DrawRectangle(u16 x1, u16 y1, u16 x2, u16 y2)
 284          {
 285   1        LCD_DrawLine(x1,y1,x2,y1);
 286   1        LCD_DrawLine(x1,y1,x1,y2);
 287   1        LCD_DrawLine(x1,y2,x2,y2);
 288   1        LCD_DrawLine(x2,y1,x2,y2);
 289   1      }
 290          //在指定位置画一个指定大小的圆
 291          //(x,y):中心点
 292          //r    :半径
 293          void Draw_Circle(u16 x0,u16 y0,u8 r)
 294          {
 295   1        int a,b;
 296   1        int di;
 297   1        a=0;b=r;    
 298   1        di=3-(r<<1);             //判断下个点位置的标志
 299   1        while(a<=b)
 300   1        {
 301   2          LCD_DrawPoint(x0-b,y0-a);             //3           
 302   2          LCD_DrawPoint(x0+b,y0-a);             //0           
C51 COMPILER V9.01   LCD                                                                   10/20/2015 14:46:32 PAGE 6   

 303   2          LCD_DrawPoint(x0-a,y0+b);             //1       
 304   2          LCD_DrawPoint(x0-b,y0-a);             //7           
 305   2          LCD_DrawPoint(x0-a,y0-b);             //2             
 306   2          LCD_DrawPoint(x0+b,y0+a);             //4               
 307   2          LCD_DrawPoint(x0+a,y0-b);             //5
 308   2          LCD_DrawPoint(x0+a,y0+b);             //6 
 309   2          LCD_DrawPoint(x0-b,y0+a);             
 310   2          a++;
 311   2          //使用Bresenham算法画圆     
 312   2          if(di<0)di +=4*a+6;   
 313   2          else
 314   2          {
 315   3            di+=10+4*(a-b);   
 316   3            b--;
 317   3          } 
 318   2          LCD_DrawPoint(x0+a,y0+b);
 319   2        }
 320   1      } 
 321          //在指定位置显示一个字符
 322          
 323          //num:要显示的字符:" "--->"~"
 324          //mode:叠加方式(1)还是非叠加方式(0)
 325          //在指定位置显示一个字符
 326          
 327          //num:要显示的字符:" "--->"~"
 328          
 329          //mode:叠加方式(1)还是非叠加方式(0)
 330          void LCD_ShowChar(u16 x,u16 y,u8 num,u8 mode)
 331          {
 332   1          u8 temp;
 333   1          u8 pos,t;
 334   1        u16 x0=x;
 335   1        u16 colortemp=POINT_COLOR;      
 336   1          if(x>LCD_W-16||y>LCD_H-16)return;     
 337   1        //设置窗口       
 338   1        num=num-' ';//得到偏移后的值
 339   1        Address_set(x,y,x+8-1,y+16-1);      //设置光标位置 
 340   1        if(!mode) //非叠加方式
 341   1        {
 342   2          for(pos=0;pos<16;pos++)
 343   2          { 
 344   3            temp=asc2_1608[(u16)num*16+pos];     //调用1608字体
 345   3            for(t=0;t<8;t++)
 346   3              {                 
 347   4                  if(temp&0x01)POINT_COLOR=colortemp;
 348   4              else POINT_COLOR=BACK_COLOR;
 349   4              LCD_WR_DATA(POINT_COLOR); 
 350   4              temp>>=1; 
 351   4              x++;
 352   4              }
 353   3            x=x0;
 354   3            y++;
 355   3          } 
 356   2        }else//叠加方式
 357   1        {
 358   2          for(pos=0;pos<16;pos++)
 359   2          {
 360   3              temp=asc2_1608[(u16)num*16+pos];     //调用1608字体
 361   3            for(t=0;t<8;t++)
 362   3              {                 
 363   4                  if(temp&0x01)LCD_DrawPoint(x+t,y+pos);//画一个点     
 364   4                  temp>>=1; 
C51 COMPILER V9.01   LCD                                                                   10/20/2015 14:46:32 PAGE 7   

 365   4              }
 366   3          }
 367   2        }
 368   1        POINT_COLOR=colortemp;                
 369   1      }   
 370          //m^n函数
 371          u32 mypow(u8 m,u8 n)
 372          {
 373   1        u32 result=1;  
 374   1        while(n--)result*=m;    
 375   1        return result;
 376   1      }      
 377          //显示2个数字
 378          //x,y :起点坐标  
 379          //len :数字的位数
 380          //color:颜色
 381          //num:数值(0~4294967295); 
 382          void LCD_ShowNum(u16 x,u16 y,u32 num,u8 len)
 383          {           
 384   1        u8 t,temp;
 385   1        u8 enshow=0;
 386   1        num=(u16)num;
 387   1        for(t=0;t<len;t++)
 388   1        {
 389   2          temp=(num/mypow(10,len-t-1))%10;
 390   2          if(enshow==0&&t<(len-1))
 391   2          {
 392   3            if(temp==0)
 393   3            {
 394   4              LCD_ShowChar(x+8*t,y,' ',0);
 395   4              continue;
 396   4            }else enshow=1; 
 397   3             
 398   3          }
 399   2          LCD_ShowChar(x+8*t,y,temp+48,0); 
 400   2        }
 401   1      } 
 402          //显示2个数字
 403          //x,y:起点坐标
 404          //num:数值(0~99);  
 405          void LCD_Show2Num(u16 x,u16 y,u16 num,u8 len)
 406          {           
 407   1        u8 t,temp;               
 408   1        for(t=0;t<len;t++)
 409   1        {
 410   2          temp=(num/mypow(10,len-t-1))%10;
 411   2          LCD_ShowChar(x+8*t,y,temp+'0',0); 
 412   2        }
 413   1      } 
 414          //显示字符串
 415          //x,y:起点坐标  
 416          //*p:字符串起始地址
 417          //用16字体
 418          void LCD_ShowString(u16 x,u16 y,const u8 *p)
 419          {         
 420   1          while(*p!='\0')
 421   1          {       
 422   2              if(x>LCD_W-16){x=0;y+=16;}
 423   2              if(y>LCD_H-16){y=x=0;LCD_Clear(RED);}
 424   2              LCD_ShowChar(x,y,*p,0);
 425   2              x+=8;
 426   2              p++;
C51 COMPILER V9.01   LCD                                                                   10/20/2015 14:46:32 PAGE 8   

 427   2          }  
 428   1      }
 429          
 430          
 431          
 432          
 433          
 434          
 435          
 436          
 437          
 438          
 439          
 440          


MODULE INFORMATION:   STATIC OVERLAYABLE
   CODE SIZE        =   3205    ----
   CONSTANT SIZE    =      2    ----
   XDATA SIZE       =      4     115
   PDATA SIZE       =   ----    ----
   DATA SIZE        =   ----    ----
   IDATA SIZE       =   ----    ----
   BIT SIZE         =   ----    ----
END OF MODULE INFORMATION.


C51 COMPILATION COMPLETE.  0 WARNING(S),  0 ERROR(S)
