C51 COMPILER V9.01   LCD                                                                   10/20/2015 14:51:36 PAGE 1   


C51 COMPILER V9.01, COMPILATION OF MODULE LCD
OBJECT MODULE PLACED IN LCD.obj
COMPILER INVOKED BY: C:\Keil_v4\C51\BIN\C51.EXE LCD\LCD.c LARGE BROWSE DEBUG OBJECTEXTEND PRINT(.\LCD.lst) TABS(2) OBJEC
                    -T(LCD.obj)

line level    source

   1          #include <reg51.h>
   2          #include <intrins.h>
   3          #include <sys\sys.h>
   4          #include <lcd\lcd.h>
   5          #include <font\font.h>
   6          /* http://ttmcu.taobao.com 
   7          代码测试环境:单片机STC12LE5A60S2,晶振33M  单片机工作电压3.3V
   8          程序默认IO连接方式：
   9          控制线：RS-P3^5;    WR-P3^6;   RD-P3^7;   CS-P1^0;   REST-P1^2;
  10          数据线: DB0-DB7依次连接P0^0-P0^7;  DB8-DB15依次连接P2^0-P2^7;
  11          触摸功能连接方式：(不使用触摸可不连接)
  12          T_CLK-P1^7;  T_CS-P1^4;  T_DIN-P3^0;  T_OUT-P3^1;  T_IRQ-P3^4;
  13          */
  14          u16 BACK_COLOR, POINT_COLOR;   //背景色，画笔色
  15          void LCD_Writ_Bus(char VH,char VL)   //并行数据写入函数
  16          {
  17   1        LCD_DataPortH=VH; 
  18   1        LCD_DataPortL=VL;   
  19   1        LCD_WR=0;
  20   1        LCD_WR=1; 
  21   1      }
  22          void LCD_WR_DATA8(char VH,char VL) //发送数据-8位参数
  23          {
  24   1          LCD_RS=1;
  25   1        LCD_Writ_Bus(VH,VL);
  26   1      }  
  27           void LCD_WR_DATA(int da)
  28          {
  29   1          LCD_RS=1;
  30   1        LCD_Writ_Bus(da>>8,da);
  31   1      }   
  32          void LCD_WR_REG(int da)  
  33          { 
  34   1          LCD_RS=0;
  35   1        LCD_Writ_Bus(da>>8,da);
  36   1      }
  37           void LCD_WR_REG_DATA(int reg,int da)
  38          {
  39   1          LCD_WR_REG(reg);
  40   1        LCD_WR_DATA(da);
  41   1      }
  42          void Address_set(unsigned int x1,unsigned int y1,unsigned int x2,unsigned int y2)
  43          { 
  44   1         LCD_WR_REG(0x2A);
  45   1         LCD_WR_DATA(x1>>8);
  46   1         LCD_WR_DATA(x1);
  47   1         LCD_WR_DATA(x2>>8);
  48   1         LCD_WR_DATA(x2);
  49   1        
  50   1         LCD_WR_REG(0x2B);
  51   1         LCD_WR_DATA(y1>>8);
  52   1         LCD_WR_DATA(y1);
  53   1         LCD_WR_DATA(y2>>8);
  54   1         LCD_WR_DATA(y2); 
C51 COMPILER V9.01   LCD                                                                   10/20/2015 14:51:36 PAGE 2   

  55   1         LCD_WR_REG(0x2c);                 
  56   1      }
  57          void Lcd_Init(void)
  58          {
  59   1      
  60   1      //调用一次这些函数，免得编译的时候提示警告
  61   1          LCD_CS =1;
  62   1        if(LCD_CS==0)
  63   1        {
  64   2           LCD_WR_REG_DATA(0,0);
  65   2           LCD_ShowString(0,0," ");
  66   2           LCD_ShowNum(0,0,0,0);
  67   2           LCD_Show2Num(0,0,0,0);
  68   2           LCD_DrawPoint_big(0,0);
  69   2           LCD_DrawRectangle(0,0,0,0);
  70   2           Draw_Circle(0,0,0);
  71   2         }
  72   1        LCD_RD=1;
  73   1        LCD_WR=1;
  74   1        LCD_REST=0;
  75   1        delayms(20);  //此处保证要有5ms以上才能保证复位稳定,推荐20ms
  76   1        LCD_REST=1; 
  77   1        delayms(20);  //此处保证要有5ms以上才能保证复位稳定,推荐20ms    
  78   1        LCD_CS =0;  //打开片选使能
  79   1      
  80   1        //************* Start Initial Sequence **********//
  81   1      LCD_WR_REG(0xcf); 
  82   1      LCD_WR_DATA(0x00);
  83   1      LCD_WR_DATA(0xc1);
  84   1      LCD_WR_DATA(0x30);
  85   1      
  86   1      LCD_WR_REG(0xed); 
  87   1      LCD_WR_DATA(0x64);
  88   1      LCD_WR_DATA(0x03);
  89   1      LCD_WR_DATA(0x12);
  90   1      LCD_WR_DATA(0x81);
  91   1      
  92   1      LCD_WR_REG(0xcb); 
  93   1      LCD_WR_DATA(0x39);
  94   1      LCD_WR_DATA(0x2c);
  95   1      LCD_WR_DATA(0x00);
  96   1      LCD_WR_DATA(0x34);
  97   1      LCD_WR_DATA(0x02);
  98   1      
  99   1      LCD_WR_REG(0xea); 
 100   1      LCD_WR_DATA(0x00);
 101   1      LCD_WR_DATA(0x00);
 102   1      
 103   1      LCD_WR_REG(0xe8); 
 104   1      LCD_WR_DATA(0x85);
 105   1      LCD_WR_DATA(0x10);
 106   1      LCD_WR_DATA(0x79);
 107   1      
 108   1      LCD_WR_REG(0xC0); //Power control
 109   1      LCD_WR_DATA(0x23); //VRH[5:0]
 110   1      
 111   1      LCD_WR_REG(0xC1); //Power control
 112   1      LCD_WR_DATA(0x11); //SAP[2:0];BT[3:0]
 113   1      
 114   1      LCD_WR_REG(0xC2);
 115   1      LCD_WR_DATA(0x11);
 116   1      
C51 COMPILER V9.01   LCD                                                                   10/20/2015 14:51:36 PAGE 3   

 117   1      LCD_WR_REG(0xC5); //VCM control
 118   1      LCD_WR_DATA(0x3d);
 119   1      LCD_WR_DATA(0x30);
 120   1      
 121   1      LCD_WR_REG(0xc7); 
 122   1      LCD_WR_DATA(0xaa);
 123   1      
 124   1      LCD_WR_REG(0x3A); 
 125   1      LCD_WR_DATA(0x55);
 126   1      
 127   1      LCD_WR_REG(0x36); // Memory Access Control
 128   1      LCD_WR_DATA(0x08);
 129   1      
 130   1      LCD_WR_REG(0xB1); // Frame Rate Control
 131   1      LCD_WR_DATA(0x00);
 132   1      LCD_WR_DATA(0x11);
 133   1      
 134   1      LCD_WR_REG(0xB6); // Display Function Control
 135   1      LCD_WR_DATA(0x0a);
 136   1      LCD_WR_DATA(0xa2);
 137   1      
 138   1      LCD_WR_REG(0xF2); // 3Gamma Function Disable
 139   1      LCD_WR_DATA(0x00);
 140   1      
 141   1      LCD_WR_REG(0xF7);
 142   1      LCD_WR_DATA(0x20);
 143   1      
 144   1      LCD_WR_REG(0xF1);
 145   1      LCD_WR_DATA(0x01);
 146   1      LCD_WR_DATA(0x30);
 147   1      
 148   1      LCD_WR_REG(0x26); //Gamma curve selected
 149   1      LCD_WR_DATA(0x01);
 150   1      
 151   1      LCD_WR_REG(0xE0); //Set Gamma
 152   1      LCD_WR_DATA(0x0f);
 153   1      LCD_WR_DATA(0x3f);
 154   1      LCD_WR_DATA(0x2f);
 155   1      LCD_WR_DATA(0x0c);
 156   1      LCD_WR_DATA(0x10);
 157   1      LCD_WR_DATA(0x0a);
 158   1      LCD_WR_DATA(0x53);
 159   1      LCD_WR_DATA(0xd5);
 160   1      LCD_WR_DATA(0x40);
 161   1      LCD_WR_DATA(0x0a);
 162   1      LCD_WR_DATA(0x13);
 163   1      LCD_WR_DATA(0x03);
 164   1      LCD_WR_DATA(0x08);
 165   1      LCD_WR_DATA(0x03);
 166   1      LCD_WR_DATA(0x00);
 167   1      
 168   1      LCD_WR_REG(0xE1); //Set Gamma
 169   1      LCD_WR_DATA(0x00);
 170   1      LCD_WR_DATA(0x00);
 171   1      LCD_WR_DATA(0x10);
 172   1      LCD_WR_DATA(0x03);
 173   1      LCD_WR_DATA(0x0f);
 174   1      LCD_WR_DATA(0x05);
 175   1      LCD_WR_DATA(0x2c);
 176   1      LCD_WR_DATA(0xa2);
 177   1      LCD_WR_DATA(0x3f);
 178   1      LCD_WR_DATA(0x05);
C51 COMPILER V9.01   LCD                                                                   10/20/2015 14:51:36 PAGE 4   

 179   1      LCD_WR_DATA(0x0e);
 180   1      LCD_WR_DATA(0x0c);
 181   1      LCD_WR_DATA(0x37);
 182   1      LCD_WR_DATA(0x3c);
 183   1      LCD_WR_DATA(0x0F);
 184   1      LCD_WR_REG(0x11); //Exit Sleep
 185   1      delayms(80);//此处必须要延时80ms或者更多
 186   1      LCD_WR_REG(0x29); //display on
 187   1      }
 188          //清屏函数
 189          //Color:要清屏的填充色
 190          void LCD_Clear(u16 Color)
 191          {
 192   1        u8 VH,VL;
 193   1        u16 i,j;
 194   1        VH=Color>>8;
 195   1        VL=Color; 
 196   1        Address_set(0,0,LCD_W-1,LCD_H-1);
 197   1          for(i=0;i<LCD_W;i++)
 198   1         {
 199   2          for (j=0;j<LCD_H;j++)
 200   2            {
 201   3                 LCD_WR_DATA8(VH,VL);
 202   3            }
 203   2      
 204   2          }
 205   1      }
 206          //画点
 207          //POINT_COLOR:此点的颜色
 208          void LCD_DrawPoint(u16 x,u16 y)
 209          {
 210   1        Address_set(x,y,x,y);//设置光标位置 
 211   1        LCD_WR_DATA(POINT_COLOR);       
 212   1      }    
 213          //画一个大点
 214          //POINT_COLOR:此点的颜色
 215          void LCD_DrawPoint_big(u16 x,u16 y)
 216          {
 217   1        LCD_Fill(x-1,y-1,x+1,y+1,POINT_COLOR);
 218   1      } 
 219          //在指定区域内填充指定颜色
 220          //区域大小:
 221          //  (xend-xsta)*(yend-ysta)
 222          void LCD_Fill(u16 xsta,u16 ysta,u16 xend,u16 yend,u16 color)
 223          {          
 224   1        u16 i,j; 
 225   1        Address_set(xsta,ysta,xend,yend);      //设置光标位置 
 226   1        for(i=ysta;i<=yend;i++)
 227   1        {                               
 228   2          for(j=xsta;j<=xend;j++)LCD_WR_DATA(color);//设置光标位置      
 229   2        }                   
 230   1      }  
 231          //画线
 232          //x1,y1:起点坐标
 233          //x2,y2:终点坐标  
 234          void LCD_DrawLine(u16 x1, u16 y1, u16 x2, u16 y2)
 235          {
 236   1        u16 t; 
 237   1        int xerr=0,yerr=0,delta_x,delta_y,distance; 
 238   1        int incx,incy,uRow,uCol; 
 239   1      
 240   1        delta_x=x2-x1; //计算坐标增量 
C51 COMPILER V9.01   LCD                                                                   10/20/2015 14:51:36 PAGE 5   

 241   1        delta_y=y2-y1; 
 242   1        uRow=x1; 
 243   1        uCol=y1; 
 244   1        if(delta_x>0)incx=1; //设置单步方向 
 245   1        else if(delta_x==0)incx=0;//垂直线 
 246   1        else {incx=-1;delta_x=-delta_x;} 
 247   1        if(delta_y>0)incy=1; 
 248   1        else if(delta_y==0)incy=0;//水平线 
 249   1        else{incy=-1;delta_y=-delta_y;} 
 250   1        if( delta_x>delta_y)distance=delta_x; //选取基本增量坐标轴 
 251   1        else distance=delta_y; 
 252   1        for(t=0;t<=distance+1;t++ )//画线输出 
 253   1        {  
 254   2          LCD_DrawPoint(uRow,uCol);//画点 
 255   2          xerr+=delta_x ; 
 256   2          yerr+=delta_y ; 
 257   2          if(xerr>distance) 
 258   2          { 
 259   3            xerr-=distance; 
 260   3            uRow+=incx; 
 261   3          } 
 262   2          if(yerr>distance) 
 263   2          { 
 264   3            yerr-=distance; 
 265   3            uCol+=incy; 
 266   3          } 
 267   2        }  
 268   1      }    
 269          //画矩形
 270          void LCD_DrawRectangle(u16 x1, u16 y1, u16 x2, u16 y2)
 271          {
 272   1        LCD_DrawLine(x1,y1,x2,y1);
 273   1        LCD_DrawLine(x1,y1,x1,y2);
 274   1        LCD_DrawLine(x1,y2,x2,y2);
 275   1        LCD_DrawLine(x2,y1,x2,y2);
 276   1      }
 277          //在指定位置画一个指定大小的圆
 278          //(x,y):中心点
 279          //r    :半径
 280          void Draw_Circle(u16 x0,u16 y0,u8 r)
 281          {
 282   1        int a,b;
 283   1        int di;
 284   1        a=0;b=r;    
 285   1        di=3-(r<<1);             //判断下个点位置的标志
 286   1        while(a<=b)
 287   1        {
 288   2          LCD_DrawPoint(x0-b,y0-a);             //3           
 289   2          LCD_DrawPoint(x0+b,y0-a);             //0           
 290   2          LCD_DrawPoint(x0-a,y0+b);             //1       
 291   2          LCD_DrawPoint(x0-b,y0-a);             //7           
 292   2          LCD_DrawPoint(x0-a,y0-b);             //2             
 293   2          LCD_DrawPoint(x0+b,y0+a);             //4               
 294   2          LCD_DrawPoint(x0+a,y0-b);             //5
 295   2          LCD_DrawPoint(x0+a,y0+b);             //6 
 296   2          LCD_DrawPoint(x0-b,y0+a);             
 297   2          a++;
 298   2          //使用Bresenham算法画圆     
 299   2          if(di<0)di +=4*a+6;   
 300   2          else
 301   2          {
 302   3            di+=10+4*(a-b);   
C51 COMPILER V9.01   LCD                                                                   10/20/2015 14:51:36 PAGE 6   

 303   3            b--;
 304   3          } 
 305   2          LCD_DrawPoint(x0+a,y0+b);
 306   2        }
 307   1      } 
 308          //在指定位置显示一个字符
 309          
 310          //num:要显示的字符:" "--->"~"
 311          //mode:叠加方式(1)还是非叠加方式(0)
 312          //在指定位置显示一个字符
 313          
 314          //num:要显示的字符:" "--->"~"
 315          
 316          //mode:叠加方式(1)还是非叠加方式(0)
 317          void LCD_ShowChar(u16 x,u16 y,u8 num,u8 mode)
 318          {
 319   1          u8 temp;
 320   1          u8 pos,t;
 321   1        u16 x0=x;
 322   1        u16 colortemp=POINT_COLOR;      
 323   1          if(x>LCD_W-16||y>LCD_H-16)return;     
 324   1        //设置窗口       
 325   1        num=num-' ';//得到偏移后的值
 326   1        Address_set(x,y,x+8-1,y+16-1);      //设置光标位置 
 327   1        if(!mode) //非叠加方式
 328   1        {
 329   2          for(pos=0;pos<16;pos++)
 330   2          { 
 331   3            temp=asc2_1608[(u16)num*16+pos];     //调用1608字体
 332   3            for(t=0;t<8;t++)
 333   3              {                 
 334   4                  if(temp&0x01)POINT_COLOR=colortemp;
 335   4              else POINT_COLOR=BACK_COLOR;
 336   4              LCD_WR_DATA(POINT_COLOR); 
 337   4              temp>>=1; 
 338   4              x++;
 339   4              }
 340   3            x=x0;
 341   3            y++;
 342   3          } 
 343   2        }else//叠加方式
 344   1        {
 345   2          for(pos=0;pos<16;pos++)
 346   2          {
 347   3              temp=asc2_1608[(u16)num*16+pos];     //调用1608字体
 348   3            for(t=0;t<8;t++)
 349   3              {                 
 350   4                  if(temp&0x01)LCD_DrawPoint(x+t,y+pos);//画一个点     
 351   4                  temp>>=1; 
 352   4              }
 353   3          }
 354   2        }
 355   1        POINT_COLOR=colortemp;                
 356   1      }   
 357          //m^n函数
 358          u32 mypow(u8 m,u8 n)
 359          {
 360   1        u32 result=1;  
 361   1        while(n--)result*=m;    
 362   1        return result;
 363   1      }      
 364          //显示2个数字
C51 COMPILER V9.01   LCD                                                                   10/20/2015 14:51:36 PAGE 7   

 365          //x,y :起点坐标  
 366          //len :数字的位数
 367          //color:颜色
 368          //num:数值(0~4294967295); 
 369          void LCD_ShowNum(u16 x,u16 y,u32 num,u8 len)
 370          {           
 371   1        u8 t,temp;
 372   1        u8 enshow=0;
 373   1        num=(u16)num;
 374   1        for(t=0;t<len;t++)
 375   1        {
 376   2          temp=(num/mypow(10,len-t-1))%10;
 377   2          if(enshow==0&&t<(len-1))
 378   2          {
 379   3            if(temp==0)
 380   3            {
 381   4              LCD_ShowChar(x+8*t,y,' ',0);
 382   4              continue;
 383   4            }else enshow=1; 
 384   3             
 385   3          }
 386   2          LCD_ShowChar(x+8*t,y,temp+48,0); 
 387   2        }
 388   1      } 
 389          //显示2个数字
 390          //x,y:起点坐标
 391          //num:数值(0~99);  
 392          void LCD_Show2Num(u16 x,u16 y,u16 num,u8 len)
 393          {           
 394   1        u8 t,temp;               
 395   1        for(t=0;t<len;t++)
 396   1        {
 397   2          temp=(num/mypow(10,len-t-1))%10;
 398   2          LCD_ShowChar(x+8*t,y,temp+'0',0); 
 399   2        }
 400   1      } 
 401          //显示字符串
 402          //x,y:起点坐标  
 403          //*p:字符串起始地址
 404          //用16字体
 405          void LCD_ShowString(u16 x,u16 y,const u8 *p)
 406          {         
 407   1          while(*p!='\0')
 408   1          {       
 409   2              if(x>LCD_W-16){x=0;y+=16;}
 410   2              if(y>LCD_H-16){y=x=0;LCD_Clear(RED);}
 411   2              LCD_ShowChar(x,y,*p,0);
 412   2              x+=8;
 413   2              p++;
 414   2          }  
 415   1      }
 416          
 417          
 418          
 419          
 420          
 421          
 422          
 423          
 424          
 425          
 426          
C51 COMPILER V9.01   LCD                                                                   10/20/2015 14:51:36 PAGE 8   

 427          


MODULE INFORMATION:   STATIC OVERLAYABLE
   CODE SIZE        =   3231    ----
   CONSTANT SIZE    =      2    ----
   XDATA SIZE       =      4     115
   PDATA SIZE       =   ----    ----
   DATA SIZE        =   ----    ----
   IDATA SIZE       =   ----    ----
   BIT SIZE         =   ----    ----
END OF MODULE INFORMATION.


C51 COMPILATION COMPLETE.  0 WARNING(S),  0 ERROR(S)
