C51 COMPILER V9.01   MAIN                                                                  09/22/2014 21:34:42 PAGE 1   


C51 COMPILER V9.01, COMPILATION OF MODULE MAIN
OBJECT MODULE PLACED IN main.OBJ
COMPILER INVOKED BY: C:\Keil\C51\BIN\C51.EXE main.c LARGE BROWSE DEBUG OBJECTEXTEND

line level    source

   1          #include <reg51.h>
   2          #include <intrins.h>
   3          #include <sys\sys.h>
   4          #include <lcd\lcd.h>
   5          /* http://ttmcu.taobao.com 晶耀电子
   6          代码测试环境:JME-2核心板+1T指令周期的STC单片机（51内核STC12LE5A60S2)+33M晶振      单片机工作电压3.3V
   7          程序默认IO连接方式：
   8          控制线：RS-P3^5;    WR-P3^6;   RD-P3^7;   CS-P1^0;   REST-P1^2;
   9          数据线: DB0-DB7依次连接P0^0-P0^7;  DB8-DB15依次连接P2^0-P2^7;
  10          触摸功能连接方式：(不使用触摸可不连接)
  11          D_CLK-P1^7;  D_CS-P1^4;  D_DIN-P3^0;  D_OUT-P3^1;  D_PENIRQ-P3^4;
  12          */      
  13          
  14          void WritePage(unsigned char  index)//设置当前操作页，上电默认为0
  15          {
  16   1              LCD_WR_REG(0x05);
  17   1              LCD_WR_DATA(index); 
  18   1      }
  19          void ShowPage(unsigned char  index)//设置当前显示页，上电默认为0
  20          {
  21   1              LCD_WR_REG(0x04);
  22   1              LCD_WR_DATA(index);     
  23   1      }
  24          
  25          main()
  26          {  
  27   1              unsigned char  p0=0;
  28   1              unsigned char  p1=1;
  29   1              Lcd_Init();   //tft初始化
  30   1              LCD_Clear(WHITE);        //刷屏为白色
  31   1              while(1)
  32   1              {   
  33   2                      WritePage(p1);//设置当前操作页为p1
  34   2                      LCD_Clear(RED);  //红   
  35   2                      ShowPage(p1);//设置当前显示页为P1
  36   2                      delayms(800);
  37   2      
  38   2                      WritePage(p0);//设置当前操作页为p0
  39   2                      LCD_Clear(GREEN);        //绿   
  40   2                      ShowPage(p0);//设置当前显示页为P0
  41   2                      delayms(800); 
  42   2                              
  43   2                      WritePage(p1);//设置当前操作页为p1
  44   2                      LCD_Clear(BLUE);         //蓝   
  45   2                      ShowPage(p1);//设置当前显示页为P1
  46   2                      delayms(800);
  47   2      
  48   2                      WritePage(p0);//设置当前操作页为p0
  49   2                      LCD_Clear(WHITE);        //白   
  50   2                      ShowPage(p0);//设置当前显示页为P0
  51   2                      delayms(800); 
  52   2          }
  53   1      
  54   1      
  55   1      }
C51 COMPILER V9.01   MAIN                                                                  09/22/2014 21:34:42 PAGE 2   



MODULE INFORMATION:   STATIC OVERLAYABLE
   CODE SIZE        =    184    ----
   CONSTANT SIZE    =   ----    ----
   XDATA SIZE       =   ----       4
   PDATA SIZE       =   ----    ----
   DATA SIZE        =   ----    ----
   IDATA SIZE       =   ----    ----
   BIT SIZE         =   ----    ----
END OF MODULE INFORMATION.


C51 COMPILATION COMPLETE.  0 WARNING(S),  0 ERROR(S)
