C51 COMPILER V9.01   TM1650                                                                11/16/2015 16:15:28 PAGE 1   


C51 COMPILER V9.01, COMPILATION OF MODULE TM1650
OBJECT MODULE PLACED IN tm1650.OBJ
COMPILER INVOKED BY: C:\Keil\C51\BIN\C51.EXE tm1650.c BROWSE DEBUG OBJECTEXTEND

line level    source

   1          #include<15F104.h>
   2          #include"tm1650.h"
   3          void Delay_us(uint i) //us延时
   4          {
   5   1              for(;i>0;i--)
   6   1              {
   7   2                      _nop_();
   8   2      //              _nop_();
   9   2      //              _nop_();
  10   2      //              _nop_();
  11   2      //              _nop_();
  12   2              }
  13   1      }
  14          void I2CStart(void)     //开始信号
  15          {
  16   1              CLK_H;
  17   1              DIO_H;
  18   1              Delay_us(5);
  19   1              DIO_L;
  20   1              
  21   1      }
  22          
  23          void I2Cask(void) //ACK信号
  24          {
  25   1              uchar timeout = 1;
  26   1              CLK_H;
  27   1              Delay_us(5);
  28   1              CLK_L;
  29   1              while((DIO)&&(timeout<=100))
  30   1              {
  31   2                timeout++;    
  32   2              }
  33   1              Delay_us(5);
  34   1              CLK_L;
  35   1      }
  36          
  37          void I2CStop(void) //停止信号
  38          {
  39   1              CLK_H;
  40   1              DIO_L;
  41   1              Delay_us(5);
  42   1              DIO_H;
  43   1      }
  44          
  45          void I2CWrByte(uchar oneByte) //写一个字节高位在前，低位在后
  46          {
  47   1              uchar i;
  48   1              CLK_L;
  49   1              Delay_us(1);
  50   1              for(i=0;i<8;i++)
  51   1              {       
  52   2                      oneByte = oneByte<<1;
  53   2                      DIO = CY;
  54   2                      CLK_L;
  55   2                      Delay_us(5);
C51 COMPILER V9.01   TM1650                                                                11/16/2015 16:15:28 PAGE 2   

  56   2                      CLK_H;
  57   2                      Delay_us(5);
  58   2                      CLK_L;
  59   2              }
  60   1      }
  61          
  62          uchar Scan_Key(void)      // 按键扫描
  63          {
  64   1              uchar i;
  65   1              uchar rekey;
  66   1              I2CStart();
  67   1              I2CWrByte(0x49);//读按键命令
  68   1              I2Cask();
  69   1              //DIO_H;
  70   1              for(i=0;i<8;i++)
  71   1              {
  72   2                 CLK_H;
  73   2                 rekey = rekey<<1;
  74   2                 if(DIO)
  75   2                 {
  76   3                      rekey++;
  77   3                 } 
  78   2                 Delay_us(5);
  79   2                 CLK_L;       
  80   2              }
  81   1              I2Cask();
  82   1              I2CStop();
  83   1              return(rekey);
  84   1      }
  85          
  86          
  87          void TM1650_Set(uchar add,uchar dat) //数码管显示
  88          {
  89   1              //写显存必须从高地址开始写
  90   1              I2CStart();
  91   1              I2CWrByte(add); //第一个显存地址
  92   1              I2Cask();
  93   1              I2CWrByte(dat);
  94   1              I2Cask();
  95   1              I2CStop();
  96   1      }


MODULE INFORMATION:   STATIC OVERLAYABLE
   CODE SIZE        =    167    ----
   CONSTANT SIZE    =   ----    ----
   XDATA SIZE       =   ----    ----
   PDATA SIZE       =   ----    ----
   DATA SIZE        =   ----    ----
   IDATA SIZE       =   ----    ----
   BIT SIZE         =   ----    ----
END OF MODULE INFORMATION.


C51 COMPILATION COMPLETE.  0 WARNING(S),  0 ERROR(S)
